2024-11-04 11:20:04,724 127.0.0.1 - - [04/Nov/2024 11:20:04] "GET / HTTP/1.1" 200 -
2024-11-04 11:21:09,603  * Detected change in 'C:\\Users\\bjones67\\Documents\\GitHub\\Flask_PWA_API_Extension_Task_Source\\main.py', reloading
2024-11-04 11:21:09,666  * Restarting with stat
2024-11-04 11:21:10,338  * Debugger is active!
2024-11-04 11:21:10,340  * Debugger PIN: 117-256-700
2024-11-04 11:24:34,036  * Detected change in 'C:\\Users\\bjones67\\Documents\\GitHub\\Flask_PWA_API_Extension_Task_Source\\main.py', reloading
2024-11-04 11:24:34,095  * Restarting with stat
2024-11-04 11:24:34,744  * Debugger is active!
2024-11-04 11:24:34,744  * Debugger PIN: 117-256-700
2024-11-04 11:25:55,918  * Detected change in 'C:\\Users\\bjones67\\Documents\\GitHub\\Flask_PWA_API_Extension_Task_Source\\main.py', reloading
2024-11-04 11:25:55,967  * Restarting with stat
2024-11-04 11:25:56,594  * Debugger is active!
2024-11-04 11:25:56,594  * Debugger PIN: 117-256-700
2024-11-04 11:26:12,016  * Detected change in 'C:\\Users\\bjones67\\Documents\\GitHub\\Flask_PWA_API_Extension_Task_Source\\main.py', reloading
2024-11-04 11:26:12,072  * Restarting with stat
2024-11-04 11:26:12,697  * Debugger is active!
2024-11-04 11:26:12,699  * Debugger PIN: 117-256-700
2024-11-04 11:27:18,249  * Detected change in 'C:\\Users\\bjones67\\Documents\\GitHub\\Flask_PWA_API_Extension_Task_Source\\main.py', reloading
2024-11-04 11:27:18,329  * Restarting with stat
2024-11-04 11:27:18,994  * Debugger is active!
2024-11-04 11:27:18,996  * Debugger PIN: 117-256-700
2024-11-04 11:28:35,660  * Detected change in 'C:\\Users\\bjones67\\Documents\\GitHub\\Flask_PWA_API_Extension_Task_Source\\main.py', reloading
2024-11-04 11:28:35,732  * Restarting with stat
2024-11-04 11:28:36,385  * Debugger is active!
2024-11-04 11:28:36,387  * Debugger PIN: 117-256-700
2024-11-04 11:30:53,181  * Detected change in 'C:\\Users\\bjones67\\Documents\\GitHub\\Flask_PWA_API_Extension_Task_Source\\main.py', reloading
2024-11-04 11:30:53,253  * Restarting with stat
2024-11-04 11:30:53,963  * Debugger is active!
2024-11-04 11:30:53,981  * Debugger PIN: 117-256-700
2024-11-04 11:32:36,842  * Detected change in 'C:\\Users\\bjones67\\Documents\\GitHub\\Flask_PWA_API_Extension_Task_Source\\main.py', reloading
2024-11-04 11:32:36,898  * Restarting with stat
2024-11-04 11:32:37,499  * Debugger is active!
2024-11-04 11:32:37,501  * Debugger PIN: 117-256-700
2024-11-04 11:32:41,124 127.0.0.1 - - [04/Nov/2024 11:32:41] "[31m[1mPOST /add_extension HTTP/1.1[0m" 401 -
2024-11-04 11:32:50,047 127.0.0.1 - - [04/Nov/2024 11:32:50] "[31m[1mPOST /add_extension HTTP/1.1[0m" 401 -
2024-11-04 11:33:15,455  * Detected change in 'C:\\Users\\bjones67\\Documents\\GitHub\\Flask_PWA_API_Extension_Task_Source\\main.py', reloading
2024-11-04 11:33:15,562  * Restarting with stat
2024-11-04 11:33:16,147  * Debugger is active!
2024-11-04 11:33:16,147  * Debugger PIN: 117-256-700
2024-11-04 11:33:45,845  * Detected change in 'C:\\Users\\bjones67\\Documents\\GitHub\\Flask_PWA_API_Extension_Task_Source\\main.py', reloading
2024-11-04 11:33:45,893  * Restarting with stat
2024-11-04 11:33:46,537  * Debugger is active!
2024-11-04 11:33:46,539  * Debugger PIN: 117-256-700
2024-11-04 11:33:55,908 127.0.0.1 - - [04/Nov/2024 11:33:55] "[31m[1mPOST /add_extension HTTP/1.1[0m" 401 -
2024-11-04 11:34:21,789  * Detected change in 'C:\\Users\\bjones67\\Documents\\GitHub\\Flask_PWA_API_Extension_Task_Source\\main.py', reloading
2024-11-04 11:34:21,836  * Restarting with stat
2024-11-04 11:34:22,504  * Debugger is active!
2024-11-04 11:34:22,506  * Debugger PIN: 117-256-700
2024-11-04 11:34:34,397 127.0.0.1 - - [04/Nov/2024 11:34:34] "[31m[1mPOST /add_extension HTTP/1.1[0m" 400 -
2024-11-04 11:35:06,875  * Detected change in 'C:\\Users\\bjones67\\Documents\\GitHub\\Flask_PWA_API_Extension_Task_Source\\main.py', reloading
2024-11-04 11:35:06,991  * Restarting with stat
2024-11-04 11:35:07,698  * Debugger is active!
2024-11-04 11:35:07,699  * Debugger PIN: 117-256-700
2024-11-04 11:36:18,502  * Detected change in 'C:\\Users\\bjones67\\Documents\\GitHub\\Flask_PWA_API_Extension_Task_Source\\api.py', reloading
2024-11-04 11:36:18,542  * Restarting with stat
2024-11-04 11:36:19,105  * Debugger is active!
2024-11-04 11:36:19,106  * Debugger PIN: 117-256-700
2024-11-04 11:36:35,631  * Detected change in 'C:\\Users\\bjones67\\Documents\\GitHub\\Flask_PWA_API_Extension_Task_Source\\main.py', reloading
2024-11-04 11:36:35,744  * Restarting with stat
2024-11-04 11:36:36,393  * Debugger is active!
2024-11-04 11:36:36,397  * Debugger PIN: 117-256-700
2024-11-04 11:37:01,940  * Detected change in 'C:\\Users\\bjones67\\Documents\\GitHub\\Flask_PWA_API_Extension_Task_Source\\main.py', reloading
2024-11-04 11:37:01,986  * Restarting with stat
2024-11-04 11:37:02,617  * Debugger is active!
2024-11-04 11:37:02,619  * Debugger PIN: 117-256-700
2024-11-04 11:37:17,901 127.0.0.1 - - [04/Nov/2024 11:37:17] "[31m[1mPOST /add_extension HTTP/1.1[0m" 401 -
2024-11-04 11:37:48,951  * Detected change in 'C:\\Users\\bjones67\\Documents\\GitHub\\Flask_PWA_API_Extension_Task_Source\\main.py', reloading
2024-11-04 11:37:49,010  * Restarting with stat
2024-11-04 11:37:49,661  * Debugger is active!
2024-11-04 11:37:49,663  * Debugger PIN: 117-256-700
2024-11-04 11:39:50,733 127.0.0.1 - - [04/Nov/2024 11:39:50] "[31m[1mPOST /add_extension HTTP/1.1[0m" 400 -
2024-11-04 11:40:33,639 127.0.0.1 - - [04/Nov/2024 11:40:33] "[35m[1mPOST /add_extension HTTP/1.1[0m" 201 -
2024-11-04 11:40:38,414 127.0.0.1 - - [04/Nov/2024 11:40:38] "[35m[1mPOST /add_extension HTTP/1.1[0m" 201 -
2024-11-04 11:43:55,421  * Detected change in 'C:\\Users\\bjones67\\Documents\\GitHub\\Flask_PWA_API_Extension_Task_Source\\main.py', reloading
2024-11-04 11:43:55,582  * Restarting with stat
2024-11-04 11:43:56,387  * Debugger is active!
2024-11-04 11:43:56,389  * Debugger PIN: 117-256-700
2024-11-04 11:44:04,380 127.0.0.1 - - [04/Nov/2024 11:44:04] "[35m[1mPOST /add_extension HTTP/1.1[0m" 201 -
2024-11-04 11:49:09,914 [31m[1mWARNING: This is a development server. Do not use it in a production deployment. Use a production WSGI server instead.[0m
 * Running on all addresses (0.0.0.0)
 * Running on http://127.0.0.1:1000
 * Running on http://10.185.240.241:1000
2024-11-04 11:49:09,915 [33mPress CTRL+C to quit[0m
2024-11-04 11:49:09,916  * Restarting with stat
2024-11-04 11:49:10,468  * Debugger is active!
2024-11-04 11:49:10,470  * Debugger PIN: 117-256-700
2024-11-04 11:49:12,239 127.0.0.1 - - [04/Nov/2024 11:49:12] "GET / HTTP/1.1" 200 -
